# JRE version: OpenJDK Runtime Environment (19.0.2+7) (build 19.0.2+7-44)
# Java VM: OpenJDK 64-Bit Server VM (19.0.2+7-44, mixed mode, emulated-client, sharing, tiered, compressed oops, compressed class ptrs, g1 gc, windows-amd64)
GC Precious Log:
 CardTable entry size: 512
 Card Set container configuration: InlinePtr #cards 4 size 8 Array Of Cards #cards 32 size 80 Howl #buckets 8 coarsen threshold 7372 Howl Bitmap #cards 1024 size 144 coarsen threshold 921 Card regions per heap region 1 cards per card region 8192
 CPUs: 20 total, 20 available
 Memory: 32452M
 Large Page Support: Disabled
 NUMA Support: Disabled
 Compressed Oops: Enabled (Zero based)
 Heap Region Size: 4M
 Heap Min Capacity: 8M
 Heap Initial Capacity: 508M
 Heap Max Capacity: 8116M
 Pre-touch: Disabled
 Parallel Workers: 15
 Concurrent Workers: 4
 Concurrent Refinement Workers: 15
 Periodic GC: Disabled
Heap:
 garbage-first heap   total 98304K, used 37673K [0x0000000604c00000, 0x0000000800000000)
  region size 4096K, 8 young (32768K), 2 survivors (8192K)
 Metaspace       used 37856K, committed 38464K, reserved 1114112K
  class space    used 4773K, committed 5056K, reserved 1048576K
GC Heap History (16 events):
Event: 0.535 GC heap before
{Heap before GC invocations=0 (full 0):
 garbage-first heap   total 520192K, used 24576K [0x0000000604c00000, 0x0000000800000000)
  region size 4096K, 6 young (24576K), 0 survivors (0K)
 Metaspace       used 6740K, committed 6976K, reserved 1114112K
  class space    used 739K, committed 832K, reserved 1048576K
}
Event: 0.539 GC heap after
{Heap after GC invocations=1 (full 0):
 garbage-first heap   total 520192K, used 4998K [0x0000000604c00000, 0x0000000800000000)
  region size 4096K, 1 young (4096K), 1 survivors (4096K)
 Metaspace       used 6740K, committed 6976K, reserved 1114112K
  class space    used 739K, committed 832K, reserved 1048576K
}
Event: 0.735 GC heap before
{Heap before GC invocations=1 (full 0):
 garbage-first heap   total 520192K, used 29574K [0x0000000604c00000, 0x0000000800000000)
  region size 4096K, 7 young (28672K), 1 survivors (4096K)
 Metaspace       used 9330K, committed 9536K, reserved 1114112K
  class space    used 1068K, committed 1152K, reserved 1048576K
}
Event: 0.738 GC heap after
{Heap after GC invocations=2 (full 0):
 garbage-first heap   total 520192K, used 6260K [0x0000000604c00000, 0x0000000800000000)
  region size 4096K, 1 young (4096K), 1 survivors (4096K)
 Metaspace       used 9330K, committed 9536K, reserved 1114112K
  class space    used 1068K, committed 1152K, reserved 1048576K
}
Event: 1.113 GC heap before
{Heap before GC invocations=2 (full 0):
 garbage-first heap   total 520192K, used 71796K [0x0000000604c00000, 0x0000000800000000)
  region size 4096K, 18 young (73728K), 1 survivors (4096K)
 Metaspace       used 16032K, committed 16384K, reserved 1114112K
  class space    used 1978K, committed 2112K, reserved 1048576K
}
Event: 1.115 GC heap after
{Heap after GC invocations=3 (full 0):
 garbage-first heap   total 520192K, used 8675K [0x0000000604c00000, 0x0000000800000000)
  region size 4096K, 1 young (4096K), 1 survivors (4096K)
 Metaspace       used 16032K, committed 16384K, reserved 1114112K
  class space    used 1978K, committed 2112K, reserved 1048576K
}
Event: 1.442 GC heap before
{Heap before GC invocations=3 (full 0):
 garbage-first heap   total 520192K, used 78307K [0x0000000604c00000, 0x0000000800000000)
  region size 4096K, 20 young (81920K), 1 survivors (4096K)
 Metaspace       used 21196K, committed 21504K, reserved 1114112K
  class space    used 2681K, committed 2816K, reserved 1048576K
}
Event: 1.446 GC heap after
{Heap after GC invocations=4 (full 0):
 garbage-first heap   total 520192K, used 10787K [0x0000000604c00000, 0x0000000800000000)
  region size 4096K, 2 young (8192K), 2 survivors (8192K)
 Metaspace       used 21196K, committed 21504K, reserved 1114112K
  class space    used 2681K, committed 2816K, reserved 1048576K
}
Event: 1.788 GC heap before
{Heap before GC invocations=5 (full 0):
 garbage-first heap   total 69632K, used 64035K [0x0000000604c00000, 0x0000000800000000)
  region size 4096K, 15 young (61440K), 2 survivors (8192K)
 Metaspace       used 24634K, committed 25152K, reserved 1114112K
  class space    used 3177K, committed 3392K, reserved 1048576K
}
Event: 1.793 GC heap after
{Heap after GC invocations=6 (full 0):
 garbage-first heap   total 81920K, used 13085K [0x0000000604c00000, 0x0000000800000000)
  region size 4096K, 2 young (8192K), 2 survivors (8192K)
 Metaspace       used 24634K, committed 25152K, reserved 1114112K
  class space    used 3177K, committed 3392K, reserved 1048576K
}
Event: 1.815 GC heap before
{Heap before GC invocations=6 (full 0):
 garbage-first heap   total 81920K, used 17181K [0x0000000604c00000, 0x0000000800000000)
  region size 4096K, 3 young (12288K), 2 survivors (8192K)
 Metaspace       used 25103K, committed 25536K, reserved 1114112K
  class space    used 3236K, committed 3456K, reserved 1048576K
}
Event: 1.818 GC heap after
{Heap after GC invocations=7 (full 0):
 garbage-first heap   total 81920K, used 13321K [0x0000000604c00000, 0x0000000800000000)
  region size 4096K, 1 young (4096K), 1 survivors (4096K)
 Metaspace       used 25103K, committed 25536K, reserved 1114112K
  class space    used 3236K, committed 3456K, reserved 1048576K
}
Event: 2.101 GC heap before
{Heap before GC invocations=7 (full 0):
 garbage-first heap   total 81920K, used 50185K [0x0000000604c00000, 0x0000000800000000)
  region size 4096K, 11 young (45056K), 1 survivors (4096K)
 Metaspace       used 29343K, committed 29824K, reserved 1114112K
  class space    used 3750K, committed 3968K, reserved 1048576K
}
Event: 2.104 GC heap after
{Heap after GC invocations=8 (full 0):
 garbage-first heap   total 303104K, used 15286K [0x0000000604c00000, 0x0000000800000000)
  region size 4096K, 1 young (4096K), 1 survivors (4096K)
 Metaspace       used 29343K, committed 29824K, reserved 1114112K
  class space    used 3750K, committed 3968K, reserved 1048576K
}
Event: 2.407 GC heap before
{Heap before GC invocations=8 (full 0):
 garbage-first heap   total 303104K, used 72630K [0x0000000604c00000, 0x0000000800000000)
  region size 4096K, 17 young (69632K), 1 survivors (4096K)
 Metaspace       used 35536K, committed 36096K, reserved 1114112K
  class space    used 4464K, committed 4736K, reserved 1048576K
}
Event: 2.410 GC heap after
{Heap after GC invocations=9 (full 0):
 garbage-first heap   total 303104K, used 17193K [0x0000000604c00000, 0x0000000800000000)
  region size 4096K, 2 young (8192K), 2 survivors (8192K)
 Metaspace       used 35536K, committed 36096K, reserved 1114112K
  class space    used 4464K, committed 4736K, reserved 1048576K
}

